[2026-01-30 21:30:44,680][asyncio][DEBUG] - Using selector: EpollSelector
[2026-01-30 21:30:50,873][h5py._conv][DEBUG] - Creating converter from 7 to 5
[2026-01-30 21:30:50,873][h5py._conv][DEBUG] - Creating converter from 5 to 7
[2026-01-30 21:30:50,873][h5py._conv][DEBUG] - Creating converter from 7 to 5
[2026-01-30 21:30:50,874][h5py._conv][DEBUG] - Creating converter from 5 to 7
[2026-01-30 21:30:50,952][matplotlib][DEBUG] - matplotlib data path: /home/cai/anaconda3/envs/hdmi/lib/python3.10/site-packages/matplotlib/mpl-data
[2026-01-30 21:30:50,958][matplotlib][DEBUG] - CONFIGDIR=/home/cai/.config/matplotlib
[2026-01-30 21:30:50,959][matplotlib][DEBUG] - interactive is False
[2026-01-30 21:30:50,960][matplotlib][DEBUG] - platform is linux
[2026-01-30 21:30:51,206][matplotlib][DEBUG] - CACHEDIR=/home/cai/.cache/matplotlib
[2026-01-30 21:30:51,208][matplotlib.font_manager][DEBUG] - Using fontManager instance from /home/cai/.cache/matplotlib/fontlist-v390.json
[2026-01-30 21:30:53,299][asyncio][DEBUG] - Using selector: EpollSelector
[2026-01-30 21:30:53,348][git.cmd][DEBUG] - Popen(['git', 'version'], cwd=/home/cai/HDMI/outputs/2026-01-30/21-30-44-TienkungProCarryAndPlaceBreadBox-ppo_roa, stdin=None, shell=False, universal_newlines=False)
[2026-01-30 21:30:53,350][git.cmd][DEBUG] - Popen(['git', 'version'], cwd=/home/cai/HDMI/outputs/2026-01-30/21-30-44-TienkungProCarryAndPlaceBreadBox-ppo_roa, stdin=None, shell=False, universal_newlines=False)
[2026-01-30 21:30:53,352][git.util][DEBUG] - sys.platform='linux', git_executable='git'
[2026-01-30 21:30:53,353][git.cmd][DEBUG] - Popen(['git', 'rev-parse', '--show-toplevel'], cwd=/home/cai/HDMI, stdin=None, shell=False, universal_newlines=False)
[2026-01-30 21:30:53,394][urllib3.connectionpool][DEBUG] - Starting new HTTPS connection (1): api.wandb.ai:443
[2026-01-30 21:30:53,874][urllib3.connectionpool][DEBUG] - https://api.wandb.ai:443 "POST /graphql HTTP/11" 200 None
[2026-01-30 21:30:54,093][urllib3.connectionpool][DEBUG] - https://api.wandb.ai:443 "POST /graphql HTTP/11" 200 None
[2026-01-30 21:30:54,149][sentry_sdk.errors][DEBUG] - [Tracing] Create new propagation context: {'trace_id': '0ced076961d64f90a59e45e2439fff5f', 'span_id': '9b15872e757d46f6', 'parent_span_id': None, 'dynamic_sampling_context': None}
[2026-01-30 21:30:54,373][git.util][DEBUG] - sys.platform='linux', git_executable='git'
[2026-01-30 21:30:54,375][git.cmd][DEBUG] - Popen(['git', 'cat-file', '--batch-check'], cwd=/home/cai/HDMI, stdin=<valid stream>, shell=False, universal_newlines=False)
